<?xml version="1.0" encoding="UTF-8"?>
<!-- Generated by org.testng.reporters.JUnitXMLReporter -->
<testsuite hostname="DESKTOP-5TUUHVS" failures="0" tests="1" name="Test" time="0.048" errors="0" timestamp="13 Nov 2024 17:55:17 GMT">
  <testcase classname="flight.flight_reservation" name="@BeforeTest setup" time="0.0">
    <failure type="java.io.FileNotFoundException" message="flights_reg.properties\Flights.properties (The system cannot find the path specified)">
      <![CDATA[java.io.FileNotFoundException: flights_reg.properties\Flights.properties (The system cannot find the path specified)
	at java.base/java.io.FileInputStream.open0(Native Method)
	at java.base/java.io.FileInputStream.open(FileInputStream.java:213)
	at java.base/java.io.FileInputStream.<init>(FileInputStream.java:152)
	at java.base/java.io.FileInputStream.<init>(FileInputStream.java:106)
	at flight.flight_reservation.setup(flight_reservation.java:23)
... Removed 20 stack frames]]>
    </failure>
  </testcase> <!-- @BeforeTest setup -->
  <testcase classname="flight.flight_reservation" name="@AfterMethod teardown" time="0.0">
    <skipped/>
  </testcase> <!-- @AfterMethod teardown -->
  <testcase classname="flight.flight_reservation" name="reservation" time="0.002">
    <skipped/>
  </testcase> <!-- reservation -->
</testsuite> <!-- Test -->
