<?xml version="1.0" encoding="UTF-8"?>
<testng-results total="1" passed="1" failed="0" skipped="0">
  <reporter-output>
  </reporter-output>
  <suite started-at="2024-11-18T10:51:43Z" name="Default suite" finished-at="2024-11-18T10:51:58Z" duration-ms="15121">
    <groups>
    </groups>
    <test started-at="2024-11-18T10:51:43Z" name="Default test" finished-at="2024-11-18T10:51:58Z" duration-ms="15121">
      <class name="flight.flight_reservation">
        <test-method is-config="true" signature="setup()[pri:0, instance:flight.flight_reservation@1f53a5dc]" started-at="2024-11-18T16:21:43Z" name="setup" finished-at="2024-11-18T16:21:48Z" duration-ms="5023" status="PASS">
          <reporter-output>
          </reporter-output>
        </test-method> <!-- setup -->
        <test-method signature="reservation()[pri:0, instance:flight.flight_reservation@1f53a5dc]" started-at="2024-11-18T16:21:48Z" name="reservation" finished-at="2024-11-18T16:21:57Z" duration-ms="9567" status="PASS">
          <reporter-output>
          </reporter-output>
        </test-method> <!-- reservation -->
        <test-method is-config="true" signature="teardown()[pri:0, instance:flight.flight_reservation@1f53a5dc]" started-at="2024-11-18T16:21:57Z" name="teardown" finished-at="2024-11-18T16:21:58Z" duration-ms="494" status="PASS">
          <reporter-output>
          </reporter-output>
        </test-method> <!-- teardown -->
      </class> <!-- flight.flight_reservation -->
    </test> <!-- Default test -->
  </suite> <!-- Default suite -->
</testng-results>
